<?xml version="1.0" encoding="UTF-8"?>
<testsuite name="com.environment.test_environments.WelcomeServiceTest" tests="1" skipped="0" failures="0" errors="0" timestamp="2025-03-01T15:45:14" hostname="LAPTOP-N7RFO5PQ" time="3.618">
  <properties/>
  <testcase name="getWelcome()" classname="com.environment.test_environments.WelcomeServiceTest" time="3.618"/>
  <system-out><![CDATA[12:45:13.323 [Test worker] INFO org.springframework.test.context.support.AnnotationConfigContextLoaderUtils -- Could not detect default configuration classes for test class [com.environment.test_environments.WelcomeServiceTest]: WelcomeServiceTest does not declare any static, non-private, non-final, nested classes annotated with @Configuration.
12:45:13.433 [Test worker] INFO org.springframework.boot.test.context.SpringBootTestContextBootstrapper -- Found @SpringBootConfiguration com.environment.test_environments.TestEnvironmentsApplication for test class com.environment.test_environments.WelcomeServiceTest

  .   ____          _            __ _ _
 /\\ / ___'_ __ _ _(_)_ __  __ _ \ \ \ \
( ( )\___ | '_ | '_| | '_ \/ _` | \ \ \ \
 \\/  ___)| |_)| | | | | || (_| |  ) ) ) )
  '  |____| .__|_| |_|_| |_\__, | / / / /
 =========|_|==============|___/=/_/_/_/

 :: Spring Boot ::                (v3.4.3)

2025-03-01T12:45:13.790-03:00  INFO 18028 --- [test-environments] [    Test worker] c.e.t.WelcomeServiceTest                 : Starting WelcomeServiceTest using Java 21.0.6 with PID 18028 (started by marco in C:\Facultad\environments)
2025-03-01T12:45:13.791-03:00  INFO 18028 --- [test-environments] [    Test worker] c.e.t.WelcomeServiceTest                 : The following 1 profile is active: "dev"
2025-03-01T12:45:14.844-03:00  INFO 18028 --- [test-environments] [    Test worker] c.e.t.WelcomeServiceTest                 : Started WelcomeServiceTest in 1.267 seconds (process running for 2.295)
Loading... 

"Development"
]]></system-out>
  <system-err><![CDATA[Mockito is currently self-attaching to enable the inline-mock-maker. This will no longer work in future releases of the JDK. Please add Mockito as an agent to your build what is described in Mockito's documentation: https://javadoc.io/doc/org.mockito/mockito-core/latest/org/mockito/Mockito.html#0.3
WARNING: A Java agent has been loaded dynamically (C:\Users\marco\.gradle\caches\modules-2\files-2.1\net.bytebuddy\byte-buddy-agent\1.15.11\a38b16385e867f59a641330f0362ebe742788ed8\byte-buddy-agent-1.15.11.jar)
WARNING: If a serviceability tool is in use, please run with -XX:+EnableDynamicAgentLoading to hide this warning
WARNING: If a serviceability tool is not in use, please run with -Djdk.instrument.traceUsage for more information
WARNING: Dynamic loading of agents will be disallowed by default in a future release
]]></system-err>
</testsuite>
